2006.11.20 13:09 B C:\!!!Aaa\!!!websites\Tower Grove Park Tennis Center\css\styles.css --> ftp.bizland.com /css styles.css
2006.11.20 15:13 B C:\!!!Aaa\!!!websites\Tower Grove Park Tennis Center\css\styles.css --> ftp.bizland.com /css styles.css
2006.11.21 20:04 B C:\!!!Aaa\!!!websites\Tower Grove Park Tennis Center\css\styles.css --> ftp.bizland.com /css styles.css
2006.12.15 22:46 B C:\!!!Aaa\!!!websites\Tower Grove Park Tennis Center\css\styles.css --> ftp.bizland.com /css styles.css
2006.12.15 23:38 B C:\!!!Aaa\!!!websites\Tower Grove Park Tennis Center\css\styles.css --> ftp.bizland.com /css styles.css
2006.12.17 12:15 B C:\!!!Aaa\!!!websites\Tower Grove Park Tennis Center\css\styles.css --> ftp.bizland.com /css styles.css
2006.12.17 13:32 B C:\!!!Aaa\!!!websites\Tower Grove Park Tennis Center\css\styles.css --> ftp.bizland.com /css styles.css
2007.01.18 09:26 B C:\!!!Aaa\!!!websites\Tower Grove Park Tennis Center\css\styles.css --> ftp.bizland.com /css styles.css
2007.01.18 10:14 B C:\!!!Aaa\!!!websites\Tower Grove Park Tennis Center\css\styles.css --> ftp.bizland.com /css styles.css
2007.01.20 19:43 B C:\!!!Aaa\!!!websites\Tower Grove Park Tennis Center\css\styles.css --> ftp.bizland.com /css styles.css
2007.01.20 19:43 B C:\!!!Aaa\!!!websites\Tower Grove Park Tennis Center\css\styles.css --> ftp.bizland.com /css styles.css
2007.01.20 19:44 B C:\!!!Aaa\!!!websites\Tower Grove Park Tennis Center\css\styles.css --> ftp.bizland.com /css styles.css
2007.01.20 19:45 B C:\!!!Aaa\!!!websites\Tower Grove Park Tennis Center\css\styles.css --> ftp.bizland.com /css styles.css
2007.01.20 20:49 B C:\!!!Aaa\!!!websites\Tower Grove Park Tennis Center\css\styles.css --> ftp.bizland.com /css styles.css
2007.01.20 20:50 B C:\!!!Aaa\!!!websites\Tower Grove Park Tennis Center\css\styles.css --> ftp.bizland.com /css styles.css
2007.01.20 20:52 B C:\!!!Aaa\!!!websites\Tower Grove Park Tennis Center\css\styles.css --> ftp.bizland.com /css styles.css
2007.01.20 20:52 B C:\!!!Aaa\!!!websites\Tower Grove Park Tennis Center\css\styles.css --> ftp.bizland.com /css styles.css
2007.01.20 20:52 B C:\!!!Aaa\!!!websites\Tower Grove Park Tennis Center\css\styles.css --> ftp.bizland.com /css styles.css
2007.01.20 20:53 B C:\!!!Aaa\!!!websites\Tower Grove Park Tennis Center\css\styles.css --> ftp.bizland.com /css styles.css
2007.01.20 20:55 B C:\!!!Aaa\!!!websites\Tower Grove Park Tennis Center\css\styles.css --> ftp.bizland.com /css styles.css
2007.01.20 20:56 B C:\!!!Aaa\!!!websites\Tower Grove Park Tennis Center\css\styles.css --> ftp.bizland.com /css styles.css
2007.01.20 20:56 B C:\!!!Aaa\!!!websites\Tower Grove Park Tennis Center\css\styles.css --> ftp.bizland.com /css styles.css
2007.01.20 21:17 B C:\!!!Aaa\!!!websites\Tower Grove Park Tennis Center\css\styles.css --> ftp.bizland.com /css styles.css
2007.01.20 21:18 B C:\!!!Aaa\!!!websites\Tower Grove Park Tennis Center\css\styles.css --> ftp.bizland.com /css styles.css
2007.01.20 21:18 B C:\!!!Aaa\!!!websites\Tower Grove Park Tennis Center\css\styles.css --> ftp.bizland.com /css styles.css
2007.01.20 21:22 B C:\!!!Aaa\!!!websites\Tower Grove Park Tennis Center\css\styles.css --> ftp.bizland.com /css styles.css
2007.01.26 19:30 B C:\!!!Aaa\!!!websites\River School\NEWDESIGN\css\styles.css --> ftp.bizland.com /NEWDESIGN/css styles.css
2007.01.26 19:30 B C:\!!!Aaa\!!!websites\River School\NEWDESIGN\css\WS_FTP.LOG --> ftp.bizland.com /NEWDESIGN/css WS_FTP.LOG
2007.01.26 19:30 B C:\!!!Aaa\!!!websites\River School\NEWDESIGN\css\chstyles.css --> ftp.bizland.com /NEWDESIGN/css chstyles.css
2007.01.26 22:17 B C:\!!!Aaa\!!!websites\River School\NEWDESIGN\css\styles.css --> ftp.bizland.com /newdesign/css styles.css
2007.01.27 15:38 B C:\!!!Aaa\!!!websites\River School\NEWDESIGN\css\styles.css --> ftp.bizland.com /newdesign/css styles.css
2007.01.27 18:48 B C:\!!!Aaa\!!!websites\River School\NEWDESIGN\css\styles.css --> ftp.bizland.com /newdesign/css styles.css
2007.03.04 10:58 B C:\!!!Aaa\!!!websites\River School\NEWDESIGN\css\styles.css --> ftp.bizland.com /css styles.css
2007.03.04 10:59 B C:\!!!Aaa\!!!websites\River School\NEWDESIGN\css\WS_FTP.LOG --> ftp.bizland.com /css WS_FTP.LOG
2007.03.21 00:44 B C:\!!!Aaa\!!!websites\River School\NEWDESIGN\css\index.html --> ftp.bizland.com / index.html
2007.03.21 00:44 B C:\!!!Aaa\!!!websites\River School\NEWDESIGN\css\styles.css --> ftp.bizland.com /css styles.css
2007.03.21 11:59 B C:\!!!Aaa\!!!websites\River School\NEWDESIGN\css\cal.css --> ftp.bizland.com /css cal.css
2007.03.21 13:05 B C:\!!!Aaa\!!!websites\River School\NEWDESIGN\css\styles.css --> ftp.bizland.com /css styles.css
2007.03.21 13:17 B C:\!!!Aaa\!!!websites\River School\NEWDESIGN\css\styles.css --> ftp.bizland.com /css styles.css
2007.03.21 23:32 B C:\!!!Aaa\!!!websites\River School\NEWDESIGN\css\calendar_styles.css --> ftp.bizland.com /css calendar_styles.css
2007.03.28 11:56 B C:\!!!Aaa\!!!websites\River School\NEWDESIGN\css\styles.css --> ftp.bizland.com /css styles.css
2007.04.02 14:18 B C:\!!!Aaa\!!!websites\River School\NEWDESIGN\css\styles.css --> ftp.bizland.com /css styles.css
2007.04.02 14:18 B C:\!!!Aaa\!!!websites\River School\NEWDESIGN\css\calendar_styles.css --> ftp.bizland.com /css calendar_styles.css
2007.08.29 23:17 B C:\!!!Aaa\!!!websites\Creve Coeur Sailing Assoc\css\styles.css --> ftp.bizland.com /ccsa/css styles.css
2007.08.29 23:17 B C:\!!!Aaa\!!!websites\Creve Coeur Sailing Assoc\css\WS_FTP.LOG --> ftp.bizland.com /ccsa/css WS_FTP.LOG
2007.09.12 10:02 B C:\!!!Aaa\!!!websites\Creve Coeur Sailing Assoc\css\styles.css --> ftp.bizland.com /ccsa/css styles.css
2007.09.13 00:00 B C:\!!!Aaa\!!!websites\Creve Coeur Sailing Assoc\css\styles.css --> ftp.bizland.com /ccsa/css styles.css
2007.09.13 10:28 B C:\!!!Aaa\!!!websites\Creve Coeur Sailing Assoc\css\styles.css --> ftp.bizland.com /ccsa/css styles.css
2007.09.16 00:02 B C:\!!!Aaa\!!!websites\Creve Coeur Sailing Assoc\css\styles.css --> ftp.bizland.com /ccsa/css styles.css
2007.09.16 00:12 B C:\!!!Aaa\!!!websites\Creve Coeur Sailing Assoc\css\styles.css --> ftp.bizland.com /ccsa/css styles.css
2007.09.16 00:13 B C:\!!!Aaa\!!!websites\Creve Coeur Sailing Assoc\css\styles.css --> ftp.bizland.com /ccsa styles.css
2007.09.16 00:15 B C:\!!!Aaa\!!!websites\Creve Coeur Sailing Assoc\css\styles.css --> ftp.bizland.com /ccsa/css styles.css
2007.09.16 11:09 B C:\!!!Aaa\!!!websites\Creve Coeur Sailing Assoc\css\styles.css --> ftp.bizland.com /ccsa/css styles.css
2007.09.17 09:44 B C:\!!!Aaa\!!!websites\Creve Coeur Sailing Assoc\css\styles.css --> ftp.bizland.com /ccsa/css styles.css
2007.10.10 16:12 B C:\!!!Aaa\!!!websites\Creve Coeur Sailing Assoc\css\styles.css --> ftp.bizland.com /ccsa/css styles.css
2007.10.11 22:52 B C:\!!!Aaa\!!!websites\Creve Coeur Sailing Assoc\css\styles.css --> ftp.bizland.com /ccsa/css styles.css
2007.10.19 14:15 B C:\!!!Aaa\!!!websites\Creve Coeur Sailing Assoc\css\styles.css --> ftp.bizland.com /ccsa/css styles.css
2007.10.20 10:00 B C:\!!!Aaa\!!!websites\Creve Coeur Sailing Assoc\css\styles.css --> ftp.bizland.com /ccsa/css styles.css
